<?xml version="1.0" encoding="UTF-8"?>
<testng-results ignored="0" total="1" passed="1" failed="0" skipped="0">
  <reporter-output>
  </reporter-output>
  <suite started-at="2020-05-25T19:19:06 PKT" name="Default suite" finished-at="2020-05-25T19:19:33 PKT" duration-ms="27031">
    <groups>
    </groups>
    <test started-at="2020-05-25T19:19:06 PKT" name="Default test" finished-at="2020-05-25T19:19:33 PKT" duration-ms="27031">
      <class name="Testing.Testing2$NewTests">
        <test-method is-config="true" signature="beforeClass()[pri:0, instance:Testing.Testing2$NewTests@4b741d6d]" started-at="2020-05-25T19:19:06 PKT" name="beforeClass" finished-at="2020-05-25T19:19:11 PKT" duration-ms="4874" status="PASS">
          <reporter-output>
          </reporter-output>
        </test-method> <!-- beforeClass -->
        <test-method signature="open()[pri:0, instance:Testing.Testing2$NewTests@4b741d6d]" started-at="2020-05-25T19:19:11 PKT" name="open" finished-at="2020-05-25T19:19:33 PKT" duration-ms="21472" status="PASS">
          <reporter-output>
          </reporter-output>
        </test-method> <!-- open -->
        <test-method is-config="true" signature="afterClass()[pri:0, instance:Testing.Testing2$NewTests@4b741d6d]" started-at="2020-05-25T19:19:33 PKT" name="afterClass" finished-at="2020-05-25T19:19:33 PKT" duration-ms="638" status="PASS">
          <reporter-output>
          </reporter-output>
        </test-method> <!-- afterClass -->
      </class> <!-- Testing.Testing2$NewTests -->
    </test> <!-- Default test -->
  </suite> <!-- Default suite -->
</testng-results>
